[1 - Suricata-Main] 2025-06-12 04:29:33 Notice: suricata: This is Suricata version 7.0.10 RELEASE running in USER mode
[1 - Suricata-Main] 2025-06-12 04:29:33 Info: cpu: CPUs/cores online: 12
[1 - Suricata-Main] 2025-06-12 04:29:33 Info: suricata: Setting engine mode to IDS mode by default
[1 - Suricata-Main] 2025-06-12 04:29:33 Info: suricata: No 'host-mode': suricata is in IDS mode, using default setting 'sniffer-only'
[1 - Suricata-Main] 2025-06-12 04:29:33 Info: logopenfile: fast output device (regular) initialized: fast.log
[1 - Suricata-Main] 2025-06-12 04:29:33 Info: logopenfile: eve-log output device (regular) initialized: eve.json
[1 - Suricata-Main] 2025-06-12 04:29:33 Warning: counters: stats are enabled but no loggers are active
[1 - Suricata-Main] 2025-06-12 04:29:33 Warning: detect: No rule files match the pattern suricata.rules
[1 - Suricata-Main] 2025-06-12 04:29:33 Warning: detect: 1 rule files specified, but no rules were loaded!
[1 - Suricata-Main] 2025-06-12 04:29:33 Info: threshold-config: Threshold config parsed: 0 rule(s) found
[1 - Suricata-Main] 2025-06-12 04:29:33 Info: detect: 0 signatures processed. 0 are IP-only rules, 0 are inspecting packet payload, 0 inspect application layer, 0 are decoder event only
[12 - RX#01] 2025-06-12 04:29:33 Info: pcap: Starting file run for /var/lib/suricata/pcaps/sample.pcap
[1 - Suricata-Main] 2025-06-12 04:29:33 Notice: threads: Threads created -> RX: 1 W: 12 FM: 1 FR: 1   Engine started.
[12 - RX#01] 2025-06-12 04:29:34 Info: checksum: No packets with invalid checksum, assuming checksum offloading is NOT used
[12 - RX#01] 2025-06-12 04:29:37 Info: pcap: pcap file /var/lib/suricata/pcaps/sample.pcap end of file reached (pcap err code 0)
[1 - Suricata-Main] 2025-06-12 04:29:37 Notice: suricata: Signal Received.  Stopping engine.
[1 - Suricata-Main] 2025-06-12 04:29:37 Info: suricata: time elapsed 3.499s
[12 - RX#01] 2025-06-12 04:29:37 Notice: pcap: read 1 file, 39427 packets, 26128819 bytes
[1 - Suricata-Main] 2025-06-12 07:01:37 Notice: suricata: This is Suricata version 7.0.10 RELEASE running in USER mode
[1 - Suricata-Main] 2025-06-12 07:01:37 Info: cpu: CPUs/cores online: 12
[1 - Suricata-Main] 2025-06-12 07:01:37 Info: suricata: Setting engine mode to IDS mode by default
[1 - Suricata-Main] 2025-06-12 07:01:38 Info: suricata: No 'host-mode': suricata is in IDS mode, using default setting 'sniffer-only'
[1 - Suricata-Main] 2025-06-12 07:01:38 Info: logopenfile: fast output device (regular) initialized: fast.log
[1 - Suricata-Main] 2025-06-12 07:01:38 Info: logopenfile: eve-log output device (regular) initialized: eve.json
[1 - Suricata-Main] 2025-06-12 07:01:38 Warning: counters: stats are enabled but no loggers are active
[1 - Suricata-Main] 2025-06-12 07:01:38 Warning: detect: No rule files match the pattern suricata.rules
[1 - Suricata-Main] 2025-06-12 07:01:38 Warning: detect: 1 rule files specified, but no rules were loaded!
[1 - Suricata-Main] 2025-06-12 07:01:38 Info: threshold-config: Threshold config parsed: 0 rule(s) found
[1 - Suricata-Main] 2025-06-12 07:01:38 Info: detect: 0 signatures processed. 0 are IP-only rules, 0 are inspecting packet payload, 0 inspect application layer, 0 are decoder event only
[12 - RX#01] 2025-06-12 07:01:39 Info: pcap: Starting file run for /var/lib/suricata/pcaps/sample.pcap
[1 - Suricata-Main] 2025-06-12 07:01:39 Notice: threads: Threads created -> RX: 1 W: 12 FM: 1 FR: 1   Engine started.
[12 - RX#01] 2025-06-12 07:01:39 Info: checksum: No packets with invalid checksum, assuming checksum offloading is NOT used
[12 - RX#01] 2025-06-12 07:01:41 Info: pcap: pcap file /var/lib/suricata/pcaps/sample.pcap end of file reached (pcap err code 0)
[1 - Suricata-Main] 2025-06-12 07:01:41 Notice: suricata: Signal Received.  Stopping engine.
[1 - Suricata-Main] 2025-06-12 07:01:41 Info: suricata: time elapsed 3.544s
[12 - RX#01] 2025-06-12 07:01:41 Notice: pcap: read 1 file, 39427 packets, 26128819 bytes
[1 - Suricata-Main] 2025-06-12 07:02:39 Notice: suricata: This is Suricata version 7.0.10 RELEASE running in USER mode
[1 - Suricata-Main] 2025-06-12 07:02:39 Info: cpu: CPUs/cores online: 12
[1 - Suricata-Main] 2025-06-12 07:02:39 Info: suricata: Setting engine mode to IDS mode by default
[1 - Suricata-Main] 2025-06-12 07:02:39 Info: suricata: No 'host-mode': suricata is in IDS mode, using default setting 'sniffer-only'
[1 - Suricata-Main] 2025-06-12 07:02:39 Info: logopenfile: fast output device (regular) initialized: fast.log
[1 - Suricata-Main] 2025-06-12 07:02:39 Info: logopenfile: eve-log output device (regular) initialized: eve.json
[1 - Suricata-Main] 2025-06-12 07:02:39 Warning: counters: stats are enabled but no loggers are active
[1 - Suricata-Main] 2025-06-12 07:02:39 Warning: detect: No rule files match the pattern suricata.rules
[1 - Suricata-Main] 2025-06-12 07:02:39 Warning: detect: 1 rule files specified, but no rules were loaded!
[1 - Suricata-Main] 2025-06-12 07:02:39 Info: threshold-config: Threshold config parsed: 0 rule(s) found
[1 - Suricata-Main] 2025-06-12 07:02:39 Info: detect: 0 signatures processed. 0 are IP-only rules, 0 are inspecting packet payload, 0 inspect application layer, 0 are decoder event only
[12 - RX#01] 2025-06-12 07:02:39 Info: pcap: Starting file run for /var/lib/suricata/pcaps/sample.pcap
[1 - Suricata-Main] 2025-06-12 07:02:39 Notice: threads: Threads created -> RX: 1 W: 12 FM: 1 FR: 1   Engine started.
[12 - RX#01] 2025-06-12 07:02:39 Info: checksum: No packets with invalid checksum, assuming checksum offloading is NOT used
[12 - RX#01] 2025-06-12 07:02:44 Info: pcap: pcap file /var/lib/suricata/pcaps/sample.pcap end of file reached (pcap err code 0)
[1 - Suricata-Main] 2025-06-12 07:02:44 Notice: suricata: Signal Received.  Stopping engine.
[1 - Suricata-Main] 2025-06-12 07:02:44 Info: suricata: time elapsed 4.516s
[12 - RX#01] 2025-06-12 07:02:44 Notice: pcap: read 1 file, 39427 packets, 26128819 bytes
[1 - Suricata-Main] 2025-06-12 07:03:02 Notice: suricata: This is Suricata version 7.0.10 RELEASE running in USER mode
[1 - Suricata-Main] 2025-06-12 07:03:02 Info: cpu: CPUs/cores online: 12
[1 - Suricata-Main] 2025-06-12 07:03:02 Info: suricata: Setting engine mode to IDS mode by default
[1 - Suricata-Main] 2025-06-12 07:03:02 Info: suricata: No 'host-mode': suricata is in IDS mode, using default setting 'sniffer-only'
[1 - Suricata-Main] 2025-06-12 07:03:02 Info: logopenfile: fast output device (regular) initialized: fast.log
[1 - Suricata-Main] 2025-06-12 07:03:02 Info: logopenfile: eve-log output device (regular) initialized: eve.json
[1 - Suricata-Main] 2025-06-12 07:03:02 Warning: counters: stats are enabled but no loggers are active
[1 - Suricata-Main] 2025-06-12 07:03:02 Warning: detect: No rule files match the pattern suricata.rules
[1 - Suricata-Main] 2025-06-12 07:03:02 Warning: detect: 1 rule files specified, but no rules were loaded!
[1 - Suricata-Main] 2025-06-12 07:03:02 Info: threshold-config: Threshold config parsed: 0 rule(s) found
[1 - Suricata-Main] 2025-06-12 07:03:02 Info: detect: 0 signatures processed. 0 are IP-only rules, 0 are inspecting packet payload, 0 inspect application layer, 0 are decoder event only
[12 - RX#01] 2025-06-12 07:03:03 Info: pcap: Starting file run for /var/lib/suricata/pcaps/sample.pcap
[1 - Suricata-Main] 2025-06-12 07:03:03 Notice: threads: Threads created -> RX: 1 W: 12 FM: 1 FR: 1   Engine started.
[12 - RX#01] 2025-06-12 07:03:03 Info: checksum: No packets with invalid checksum, assuming checksum offloading is NOT used
[12 - RX#01] 2025-06-12 07:03:05 Info: pcap: pcap file /var/lib/suricata/pcaps/sample.pcap end of file reached (pcap err code 0)
[1 - Suricata-Main] 2025-06-12 07:03:05 Notice: suricata: Signal Received.  Stopping engine.
[1 - Suricata-Main] 2025-06-12 07:03:05 Info: suricata: time elapsed 3.054s
[12 - RX#01] 2025-06-12 07:03:05 Notice: pcap: read 1 file, 39427 packets, 26128819 bytes
[1 - Suricata-Main] 2025-06-12 07:03:31 Notice: suricata: This is Suricata version 7.0.10 RELEASE running in USER mode
[1 - Suricata-Main] 2025-06-12 07:03:31 Info: cpu: CPUs/cores online: 12
[1 - Suricata-Main] 2025-06-12 07:03:31 Info: suricata: Setting engine mode to IDS mode by default
[1 - Suricata-Main] 2025-06-12 07:03:32 Info: suricata: No 'host-mode': suricata is in IDS mode, using default setting 'sniffer-only'
[1 - Suricata-Main] 2025-06-12 07:03:32 Info: logopenfile: fast output device (regular) initialized: fast.log
[1 - Suricata-Main] 2025-06-12 07:03:32 Info: logopenfile: eve-log output device (regular) initialized: eve.json
[1 - Suricata-Main] 2025-06-12 07:03:32 Warning: counters: stats are enabled but no loggers are active
[1 - Suricata-Main] 2025-06-12 07:03:32 Warning: detect: No rule files match the pattern suricata.rules
[1 - Suricata-Main] 2025-06-12 07:03:32 Warning: detect: 1 rule files specified, but no rules were loaded!
[1 - Suricata-Main] 2025-06-12 07:03:32 Info: threshold-config: Threshold config parsed: 0 rule(s) found
[1 - Suricata-Main] 2025-06-12 07:03:32 Info: detect: 0 signatures processed. 0 are IP-only rules, 0 are inspecting packet payload, 0 inspect application layer, 0 are decoder event only
[12 - RX#01] 2025-06-12 07:03:32 Info: pcap: Starting file run for /var/lib/suricata/pcaps/sample.pcap
[1 - Suricata-Main] 2025-06-12 07:03:32 Notice: threads: Threads created -> RX: 1 W: 12 FM: 1 FR: 1   Engine started.
[12 - RX#01] 2025-06-12 07:03:32 Info: checksum: No packets with invalid checksum, assuming checksum offloading is NOT used
[12 - RX#01] 2025-06-12 07:03:34 Info: pcap: pcap file /var/lib/suricata/pcaps/sample.pcap end of file reached (pcap err code 0)
[1 - Suricata-Main] 2025-06-12 07:03:34 Notice: suricata: Signal Received.  Stopping engine.
[1 - Suricata-Main] 2025-06-12 07:03:35 Info: suricata: time elapsed 3.044s
[12 - RX#01] 2025-06-12 07:03:35 Notice: pcap: read 1 file, 39427 packets, 26128819 bytes
